<?xml version="1.0" encoding="UTF-8"?>
<coverage generated="1759691044347" clover="3.2.0">
  <project timestamp="1759691044347" name="All files">
    <metrics statements="265" coveredstatements="204" conditionals="165" coveredconditionals="98" methods="47" coveredmethods="42" elements="477" coveredelements="344" complexity="0" loc="265" ncloc="265" packages="1" files="9" classes="9"/>
    <file name="App.js" path="/Users/jordanwhistler/AT_Proto_Filter_UI/src/App.js">
      <metrics statements="70" coveredstatements="55" conditionals="14" coveredconditionals="7" methods="9" coveredmethods="9"/>
      <line num="9" count="2" type="cond" truecount="1" falsecount="1"/>
      <line num="12" count="29" type="stmt"/>
      <line num="13" count="29" type="stmt"/>
      <line num="26" count="29" type="stmt"/>
      <line num="28" count="29" type="stmt"/>
      <line num="29" count="1" type="stmt"/>
      <line num="30" count="1" type="stmt"/>
      <line num="33" count="1" type="stmt"/>
      <line num="44" count="1" type="cond" truecount="1" falsecount="1"/>
      <line num="45" count="1" type="stmt"/>
      <line num="46" count="1" type="stmt"/>
      <line num="47" count="1" type="stmt"/>
      <line num="49" count="0" type="stmt"/>
      <line num="53" count="0" type="stmt"/>
      <line num="54" count="0" type="stmt"/>
      <line num="58" count="29" type="stmt"/>
      <line num="59" count="1" type="stmt"/>
      <line num="60" count="1" type="stmt"/>
      <line num="63" count="1" type="stmt"/>
      <line num="64" count="1" type="stmt"/>
      <line num="65" count="1" type="stmt"/>
      <line num="68" count="1" type="stmt"/>
      <line num="73" count="1" type="stmt"/>
      <line num="79" count="1" type="stmt"/>
      <line num="80" count="1" type="stmt"/>
      <line num="82" count="1" type="stmt"/>
      <line num="85" count="0" type="stmt"/>
      <line num="86" count="0" type="stmt"/>
      <line num="90" count="29" type="stmt"/>
      <line num="91" count="6" type="stmt"/>
      <line num="92" count="6" type="stmt"/>
      <line num="96" count="6" type="stmt"/>
      <line num="97" count="6" type="stmt"/>
      <line num="105" count="2" type="stmt"/>
      <line num="106" count="2" type="stmt"/>
      <line num="115" count="6" type="stmt"/>
      <line num="116" count="4" type="stmt"/>
      <line num="118" count="0" type="cond" truecount="0" falsecount="2"/>
      <line num="119" count="0" type="stmt"/>
      <line num="120" count="0" type="stmt"/>
      <line num="123" count="0" type="stmt"/>
      <line num="124" count="0" type="stmt"/>
      <line num="125" count="0" type="stmt"/>
      <line num="127" count="6" type="stmt"/>
      <line num="128" count="6" type="stmt"/>
      <line num="129" count="6" type="stmt"/>
      <line num="133" count="29" type="stmt"/>
      <line num="134" count="6" type="stmt"/>
      <line num="136" count="6" type="stmt"/>
      <line num="137" count="13" type="stmt"/>
      <line num="140" count="6" type="cond" truecount="2" falsecount="2"/>
      <line num="141" count="0" type="stmt"/>
      <line num="144" count="6" type="stmt"/>
      <line num="147" count="12" type="stmt"/>
      <line num="149" count="6" type="cond" truecount="1" falsecount="1"/>
      <line num="150" count="0" type="stmt"/>
      <line num="151" count="0" type="stmt"/>
      <line num="155" count="6" type="stmt"/>
      <line num="156" count="6" type="stmt"/>
      <line num="157" count="18" type="cond" truecount="2" falsecount="0"/>
      <line num="158" count="10" type="stmt"/>
      <line num="162" count="6" type="stmt"/>
      <line num="163" count="0" type="stmt"/>
      <line num="165" count="6" type="stmt"/>
      <line num="166" count="6" type="stmt"/>
      <line num="170" count="29" type="stmt"/>
      <line num="171" count="2" type="stmt"/>
      <line num="172" count="2" type="stmt"/>
      <line num="177" count="2" type="stmt"/>
      <line num="180" count="29" type="stmt"/>
    </file>
    <file name="ConnectionStatus.js" path="/Users/jordanwhistler/AT_Proto_Filter_UI/src/ConnectionStatus.js">
      <metrics statements="17" coveredstatements="10" conditionals="18" coveredconditionals="10" methods="3" coveredmethods="3"/>
      <line num="3" count="2" type="stmt"/>
      <line num="4" count="25" type="stmt"/>
      <line num="5" count="25" type="cond" truecount="2" falsecount="4"/>
      <line num="7" count="2" type="stmt"/>
      <line num="10" count="0" type="stmt"/>
      <line num="12" count="23" type="stmt"/>
      <line num="14" count="0" type="stmt"/>
      <line num="16" count="0" type="stmt"/>
      <line num="20" count="25" type="stmt"/>
      <line num="21" count="25" type="cond" truecount="2" falsecount="4"/>
      <line num="23" count="2" type="stmt"/>
      <line num="25" count="0" type="stmt"/>
      <line num="27" count="0" type="stmt"/>
      <line num="29" count="23" type="stmt"/>
      <line num="31" count="0" type="stmt"/>
      <line num="33" count="0" type="stmt"/>
      <line num="37" count="25" type="stmt"/>
    </file>
    <file name="EventItem.js" path="/Users/jordanwhistler/AT_Proto_Filter_UI/src/EventItem.js">
      <metrics statements="39" coveredstatements="30" conditionals="57" coveredconditionals="33" methods="6" coveredmethods="6"/>
      <line num="5" count="3" type="stmt"/>
      <line num="6" count="14" type="stmt"/>
      <line num="8" count="14" type="stmt"/>
      <line num="9" count="13" type="stmt"/>
      <line num="18" count="14" type="stmt"/>
      <line num="19" count="12" type="cond" truecount="2" falsecount="0"/>
      <line num="20" count="1" type="cond" truecount="1" falsecount="1"/>
      <line num="21" count="1" type="cond" truecount="1" falsecount="1"/>
      <line num="22" count="0" type="cond" truecount="0" falsecount="2"/>
      <line num="23" count="0" type="stmt"/>
      <line num="26" count="14" type="stmt"/>
      <line num="27" count="14" type="cond" truecount="2" falsecount="0"/>
      <line num="28" count="14" type="cond" truecount="2" falsecount="0"/>
      <line num="30" count="12" type="stmt"/>
      <line num="32" count="12" type="stmt"/>
      <line num="44" count="14" type="stmt"/>
      <line num="45" count="1" type="cond" truecount="1" falsecount="1"/>
      <line num="47" count="1" type="cond" truecount="1" falsecount="1"/>
      <line num="49" count="1" type="stmt"/>
      <line num="66" count="0" type="cond" truecount="0" falsecount="2"/>
      <line num="68" count="0" type="stmt"/>
      <line num="83" count="0" type="stmt"/>
      <line num="96" count="0" type="cond" truecount="0" falsecount="4"/>
      <line num="97" count="0" type="stmt"/>
      <line num="108" count="0" type="stmt"/>
      <line num="111" count="14" type="stmt"/>
      <line num="112" count="14" type="cond" truecount="2" falsecount="0"/>
      <line num="114" count="12" type="stmt"/>
      <line num="115" count="12" type="stmt"/>
      <line num="118" count="12" type="stmt"/>
      <line num="119" count="12" type="cond" truecount="2" falsecount="0"/>
      <line num="120" count="10" type="cond" truecount="2" falsecount="0"/>
      <line num="121" count="2" type="cond" truecount="2" falsecount="0"/>
      <line num="122" count="1" type="stmt"/>
      <line num="123" count="1" type="cond" truecount="1" falsecount="1"/>
      <line num="124" count="1" type="stmt"/>
      <line num="126" count="0" type="stmt"/>
      <line num="129" count="12" type="stmt"/>
      <line num="131" count="2" type="stmt"/>
    </file>
    <file name="EventStream.js" path="/Users/jordanwhistler/AT_Proto_Filter_UI/src/EventStream.js">
      <metrics statements="5" coveredstatements="5" conditionals="21" coveredconditionals="13" methods="2" coveredmethods="2"/>
      <line num="4" count="2" type="stmt"/>
      <line num="12" count="25" type="stmt"/>
      <line num="13" count="25" type="stmt"/>
      <line num="15" count="25" type="stmt"/>
      <line num="82" count="1" type="stmt"/>
    </file>
    <file name="FilterForm.js" path="/Users/jordanwhistler/AT_Proto_Filter_UI/src/FilterForm.js">
      <metrics statements="20" coveredstatements="20" conditionals="12" coveredconditionals="12" methods="7" coveredmethods="7"/>
      <line num="3" count="3" type="stmt"/>
      <line num="4" count="152" type="cond" truecount="2" falsecount="0"/>
      <line num="5" count="152" type="cond" truecount="2" falsecount="0"/>
      <line num="6" count="152" type="cond" truecount="2" falsecount="0"/>
      <line num="8" count="152" type="stmt"/>
      <line num="9" count="32" type="cond" truecount="2" falsecount="0"/>
      <line num="10" count="32" type="cond" truecount="2" falsecount="0"/>
      <line num="11" count="32" type="cond" truecount="2" falsecount="0"/>
      <line num="14" count="152" type="stmt"/>
      <line num="15" count="8" type="stmt"/>
      <line num="16" count="8" type="stmt"/>
      <line num="23" count="152" type="stmt"/>
      <line num="24" count="3" type="stmt"/>
      <line num="25" count="3" type="stmt"/>
      <line num="26" count="3" type="stmt"/>
      <line num="27" count="3" type="stmt"/>
      <line num="30" count="152" type="stmt"/>
      <line num="41" count="29" type="stmt"/>
      <line num="53" count="21" type="stmt"/>
      <line num="65" count="56" type="stmt"/>
    </file>
    <file name="atproto-utils.js" path="/Users/jordanwhistler/AT_Proto_Filter_UI/src/atproto-utils.js">
      <metrics statements="16" coveredstatements="3" conditionals="9" coveredconditionals="0" methods="3" coveredmethods="0"/>
      <line num="3" count="3" type="stmt"/>
      <line num="4" count="0" type="stmt"/>
      <line num="6" count="0" type="stmt"/>
      <line num="8" count="0" type="stmt"/>
      <line num="9" count="0" type="cond" truecount="0" falsecount="2"/>
      <line num="10" count="0" type="stmt"/>
      <line num="13" count="0" type="stmt"/>
      <line num="14" count="0" type="stmt"/>
      <line num="16" count="0" type="stmt"/>
      <line num="17" count="0" type="stmt"/>
      <line num="21" count="3" type="stmt"/>
      <line num="23" count="0" type="stmt"/>
      <line num="24" count="0" type="cond" truecount="0" falsecount="2"/>
      <line num="26" count="0" type="stmt"/>
      <line num="32" count="3" type="stmt"/>
      <line num="34" count="0" type="cond" truecount="0" falsecount="5"/>
    </file>
    <file name="index.js" path="/Users/jordanwhistler/AT_Proto_Filter_UI/src/index.js">
      <metrics statements="2" coveredstatements="0" conditionals="0" coveredconditionals="0" methods="0" coveredmethods="0"/>
      <line num="6" count="0" type="stmt"/>
      <line num="7" count="0" type="stmt"/>
    </file>
    <file name="useRecordContent.js" path="/Users/jordanwhistler/AT_Proto_Filter_UI/src/useRecordContent.js">
      <metrics statements="13" coveredstatements="13" conditionals="4" coveredconditionals="4" methods="2" coveredmethods="2"/>
      <line num="3" count="3" type="stmt"/>
      <line num="4" count="8" type="stmt"/>
      <line num="5" count="8" type="stmt"/>
      <line num="6" count="8" type="stmt"/>
      <line num="8" count="8" type="stmt"/>
      <line num="10" count="5" type="stmt"/>
      <line num="11" count="5" type="stmt"/>
      <line num="12" count="5" type="stmt"/>
      <line num="15" count="5" type="cond" truecount="2" falsecount="0"/>
      <line num="17" count="4" type="stmt"/>
      <line num="20" count="4" type="cond" truecount="2" falsecount="0"/>
      <line num="21" count="3" type="stmt"/>
      <line num="25" count="8" type="stmt"/>
    </file>
    <file name="useWebSocket.js" path="/Users/jordanwhistler/AT_Proto_Filter_UI/src/useWebSocket.js">
      <metrics statements="83" coveredstatements="68" conditionals="30" coveredconditionals="19" methods="15" coveredmethods="13"/>
      <line num="4" count="2" type="cond" truecount="1" falsecount="1"/>
      <line num="7" count="2" type="cond" truecount="1" falsecount="1"/>
      <line num="10" count="2" type="stmt"/>
      <line num="15" count="2" type="stmt"/>
      <line num="17" count="2" type="stmt"/>
      <line num="18" count="44" type="stmt"/>
      <line num="19" count="44" type="stmt"/>
      <line num="20" count="44" type="stmt"/>
      <line num="21" count="44" type="stmt"/>
      <line num="22" count="44" type="stmt"/>
      <line num="23" count="44" type="stmt"/>
      <line num="24" count="44" type="stmt"/>
      <line num="27" count="44" type="stmt"/>
      <line num="30" count="44" type="stmt"/>
      <line num="31" count="16" type="stmt"/>
      <line num="34" count="44" type="stmt"/>
      <line num="35" count="15" type="cond" truecount="2" falsecount="0"/>
      <line num="36" count="7" type="cond" truecount="1" falsecount="1"/>
      <line num="37" count="0" type="stmt"/>
      <line num="38" count="0" type="stmt"/>
      <line num="40" count="7" type="stmt"/>
      <line num="41" count="7" type="stmt"/>
      <line num="44" count="8" type="stmt"/>
      <line num="46" count="8" type="stmt"/>
      <line num="47" count="8" type="stmt"/>
      <line num="48" count="8" type="stmt"/>
      <line num="49" count="8" type="stmt"/>
      <line num="51" count="8" type="stmt"/>
      <line num="52" count="8" type="stmt"/>
      <line num="53" count="8" type="stmt"/>
      <line num="54" count="8" type="stmt"/>
      <line num="55" count="8" type="stmt"/>
      <line num="58" count="8" type="stmt"/>
      <line num="59" count="2" type="stmt"/>
      <line num="61" count="2" type="cond" truecount="2" falsecount="0"/>
      <line num="62" count="1" type="stmt"/>
      <line num="63" count="1" type="stmt"/>
      <line num="66" count="1" type="stmt"/>
      <line num="67" count="1" type="stmt"/>
      <line num="68" count="1" type="stmt"/>
      <line num="71" count="1" type="cond" truecount="3" falsecount="1"/>
      <line num="72" count="1" type="stmt"/>
      <line num="79" count="1" type="cond" truecount="1" falsecount="1"/>
      <line num="80" count="1" type="stmt"/>
      <line num="81" count="1" type="stmt"/>
      <line num="82" count="1" type="stmt"/>
      <line num="84" count="1" type="stmt"/>
      <line num="86" count="1" type="stmt"/>
      <line num="87" count="0" type="cond" truecount="0" falsecount="2"/>
      <line num="88" count="0" type="stmt"/>
      <line num="90" count="0" type="stmt"/>
      <line num="93" count="0" type="stmt"/>
      <line num="97" count="8" type="stmt"/>
      <line num="98" count="6" type="stmt"/>
      <line num="99" count="6" type="stmt"/>
      <line num="100" count="6" type="stmt"/>
      <line num="101" count="6" type="stmt"/>
      <line num="104" count="6" type="cond" truecount="2" falsecount="2"/>
      <line num="105" count="0" type="stmt"/>
      <line num="106" count="0" type="stmt"/>
      <line num="107" count="0" type="stmt"/>
      <line num="108" count="0" type="stmt"/>
      <line num="109" count="0" type="stmt"/>
      <line num="110" count="0" type="stmt"/>
      <line num="113" count="6" type="stmt"/>
      <line num="117" count="8" type="stmt"/>
      <line num="118" count="0" type="stmt"/>
      <line num="119" count="0" type="stmt"/>
      <line num="120" count="0" type="stmt"/>
      <line num="124" count="8" type="stmt"/>
      <line num="126" count="8" type="stmt"/>
      <line num="127" count="8" type="cond" truecount="2" falsecount="0"/>
      <line num="128" count="6" type="stmt"/>
      <line num="129" count="6" type="stmt"/>
      <line num="134" count="44" type="stmt"/>
      <line num="135" count="2" type="stmt"/>
      <line num="136" count="2" type="stmt"/>
      <line num="139" count="44" type="stmt"/>
      <line num="140" count="3" type="stmt"/>
      <line num="141" count="3" type="stmt"/>
      <line num="142" count="3" type="cond" truecount="2" falsecount="0"/>
      <line num="143" count="3" type="stmt"/>
      <line num="147" count="44" type="stmt"/>
    </file>
  </project>
</coverage>
