{"/Users/jordanwhistler/AT_Proto_Filter_UI/src/App.js": {"path":"/Users/jordanwhistler/AT_Proto_Filter_UI/src/App.js","statementMap":{"0":{"start":{"line":9,"column":19},"end":{"line":9,"column":79}},"1":{"start":{"line":12,"column":36},"end":{"line":12,"column":48}},"2":{"start":{"line":13,"column":44},"end":{"line":17,"column":4}},"3":{"start":{"line":26,"column":6},"end":{"line":26,"column":29}},"4":{"start":{"line":28,"column":31},"end":{"line":56,"column":8}},"5":{"start":{"line":29,"column":4},"end":{"line":55,"column":5}},"6":{"start":{"line":30,"column":6},"end":{"line":30,"column":63}},"7":{"start":{"line":33,"column":27},"end":{"line":42,"column":8}},"8":{"start":{"line":44,"column":6},"end":{"line":50,"column":7}},"9":{"start":{"line":45,"column":25},"end":{"line":45,"column":50}},"10":{"start":{"line":46,"column":8},"end":{"line":46,"column":66}},"11":{"start":{"line":47,"column":8},"end":{"line":47,"column":41}},"12":{"start":{"line":49,"column":8},"end":{"line":49,"column":56}},"13":{"start":{"line":53,"column":6},"end":{"line":53,"column":61}},"14":{"start":{"line":54,"column":6},"end":{"line":54,"column":63}},"15":{"start":{"line":58,"column":25},"end":{"line":88,"column":8}},"16":{"start":{"line":59,"column":4},"end":{"line":87,"column":5}},"17":{"start":{"line":60,"column":6},"end":{"line":60,"column":51}},"18":{"start":{"line":63,"column":29},"end":{"line":63,"column":55}},"19":{"start":{"line":64,"column":25},"end":{"line":64,"column":52}},"20":{"start":{"line":65,"column":6},"end":{"line":65,"column":49}},"21":{"start":{"line":68,"column":25},"end":{"line":71,"column":7}},"22":{"start":{"line":73,"column":29},"end":{"line":77,"column":8}},"23":{"start":{"line":79,"column":25},"end":{"line":79,"column":52}},"24":{"start":{"line":80,"column":6},"end":{"line":80,"column":54}},"25":{"start":{"line":82,"column":6},"end":{"line":82,"column":151}},"26":{"start":{"line":85,"column":6},"end":{"line":85,"column":54}},"27":{"start":{"line":86,"column":6},"end":{"line":86,"column":64}},"28":{"start":{"line":90,"column":23},"end":{"line":131,"column":8}},"29":{"start":{"line":91,"column":4},"end":{"line":130,"column":5}},"30":{"start":{"line":92,"column":6},"end":{"line":92,"column":66}},"31":{"start":{"line":96,"column":6},"end":{"line":113,"column":7}},"32":{"start":{"line":97,"column":8},"end":{"line":103,"column":11}},"33":{"start":{"line":105,"column":8},"end":{"line":105,"column":83}},"34":{"start":{"line":106,"column":8},"end":{"line":112,"column":11}},"35":{"start":{"line":115,"column":6},"end":{"line":115,"column":55}},"36":{"start":{"line":116,"column":6},"end":{"line":116,"column":87}},"37":{"start":{"line":118,"column":6},"end":{"line":121,"column":7}},"38":{"start":{"line":119,"column":26},"end":{"line":119,"column":47}},"39":{"start":{"line":120,"column":8},"end":{"line":120,"column":86}},"40":{"start":{"line":123,"column":19},"end":{"line":123,"column":40}},"41":{"start":{"line":124,"column":6},"end":{"line":124,"column":56}},"42":{"start":{"line":125,"column":6},"end":{"line":125,"column":28}},"43":{"start":{"line":127,"column":6},"end":{"line":127,"column":53}},"44":{"start":{"line":128,"column":6},"end":{"line":128,"column":165}},"45":{"start":{"line":129,"column":6},"end":{"line":129,"column":18}},"46":{"start":{"line":133,"column":28},"end":{"line":168,"column":46}},"47":{"start":{"line":134,"column":4},"end":{"line":167,"column":5}},"48":{"start":{"line":136,"column":25},"end":{"line":138,"column":7}},"49":{"start":{"line":137,"column":15},"end":{"line":137,"column":52}},"50":{"start":{"line":140,"column":6},"end":{"line":142,"column":7}},"51":{"start":{"line":141,"column":8},"end":{"line":141,"column":15}},"52":{"start":{"line":144,"column":6},"end":{"line":144,"column":34}},"53":{"start":{"line":147,"column":27},"end":{"line":147,"column":86}},"54":{"start":{"line":147,"column":66},"end":{"line":147,"column":85}},"55":{"start":{"line":149,"column":6},"end":{"line":152,"column":7}},"56":{"start":{"line":150,"column":8},"end":{"line":150,"column":25}},"57":{"start":{"line":151,"column":8},"end":{"line":151,"column":15}},"58":{"start":{"line":155,"column":28},"end":{"line":155,"column":30}},"59":{"start":{"line":156,"column":6},"end":{"line":160,"column":9}},"60":{"start":{"line":157,"column":8},"end":{"line":159,"column":9}},"61":{"start":{"line":158,"column":10},"end":{"line":158,"column":53}},"62":{"start":{"line":162,"column":27},"end":{"line":162,"column":60}},"63":{"start":{"line":163,"column":6},"end":{"line":163,"column":33}},"64":{"start":{"line":165,"column":6},"end":{"line":165,"column":54}},"65":{"start":{"line":166,"column":6},"end":{"line":166,"column":165}},"66":{"start":{"line":170,"column":28},"end":{"line":178,"column":19}},"67":{"start":{"line":171,"column":4},"end":{"line":171,"column":21}},"68":{"start":{"line":172,"column":4},"end":{"line":176,"column":7}},"69":{"start":{"line":177,"column":4},"end":{"line":177,"column":18}},"70":{"start":{"line":180,"column":2},"end":{"line":218,"column":4}}},"fnMap":{"0":{"name":"App","decl":{"start":{"line":11,"column":9},"end":{"line":11,"column":12}},"loc":{"start":{"line":11,"column":15},"end":{"line":219,"column":1}},"line":11},"1":{"name":"(anonymous_1)","decl":{"start":{"line":28,"column":43},"end":{"line":28,"column":44}},"loc":{"start":{"line":28,"column":55},"end":{"line":56,"column":3}},"line":28},"2":{"name":"(anonymous_2)","decl":{"start":{"line":58,"column":37},"end":{"line":58,"column":38}},"loc":{"start":{"line":58,"column":49},"end":{"line":88,"column":3}},"line":58},"3":{"name":"(anonymous_3)","decl":{"start":{"line":90,"column":35},"end":{"line":90,"column":36}},"loc":{"start":{"line":90,"column":60},"end":{"line":131,"column":3}},"line":90},"4":{"name":"(anonymous_4)","decl":{"start":{"line":133,"column":40},"end":{"line":133,"column":41}},"loc":{"start":{"line":133,"column":61},"end":{"line":168,"column":3}},"line":133},"5":{"name":"(anonymous_5)","decl":{"start":{"line":137,"column":8},"end":{"line":137,"column":9}},"loc":{"start":{"line":137,"column":15},"end":{"line":137,"column":52}},"line":137},"6":{"name":"(anonymous_6)","decl":{"start":{"line":147,"column":57},"end":{"line":147,"column":58}},"loc":{"start":{"line":147,"column":66},"end":{"line":147,"column":85}},"line":147},"7":{"name":"(anonymous_7)","decl":{"start":{"line":156,"column":37},"end":{"line":156,"column":38}},"loc":{"start":{"line":156,"column":44},"end":{"line":160,"column":7}},"line":156},"8":{"name":"(anonymous_8)","decl":{"start":{"line":170,"column":40},"end":{"line":170,"column":41}},"loc":{"start":{"line":170,"column":46},"end":{"line":178,"column":3}},"line":170}},"branchMap":{"0":{"loc":{"start":{"line":9,"column":19},"end":{"line":9,"column":79}},"type":"binary-expr","locations":[{"start":{"line":9,"column":19},"end":{"line":9,"column":52}},{"start":{"line":9,"column":56},"end":{"line":9,"column":79}}],"line":9},"1":{"loc":{"start":{"line":44,"column":6},"end":{"line":50,"column":7}},"type":"if","locations":[{"start":{"line":44,"column":6},"end":{"line":50,"column":7}},{"start":{"line":48,"column":13},"end":{"line":50,"column":7}}],"line":44},"2":{"loc":{"start":{"line":118,"column":6},"end":{"line":121,"column":7}},"type":"if","locations":[{"start":{"line":118,"column":6},"end":{"line":121,"column":7}},{"start":{},"end":{}}],"line":118},"3":{"loc":{"start":{"line":140,"column":6},"end":{"line":142,"column":7}},"type":"if","locations":[{"start":{"line":140,"column":6},"end":{"line":142,"column":7}},{"start":{},"end":{}}],"line":140},"4":{"loc":{"start":{"line":140,"column":10},"end":{"line":140,"column":34}},"type":"binary-expr","locations":[{"start":{"line":140,"column":10},"end":{"line":140,"column":21}},{"start":{"line":140,"column":25},"end":{"line":140,"column":34}}],"line":140},"5":{"loc":{"start":{"line":149,"column":6},"end":{"line":152,"column":7}},"type":"if","locations":[{"start":{"line":149,"column":6},"end":{"line":152,"column":7}},{"start":{},"end":{}}],"line":149},"6":{"loc":{"start":{"line":157,"column":8},"end":{"line":159,"column":9}},"type":"if","locations":[{"start":{"line":157,"column":8},"end":{"line":159,"column":9}},{"start":{},"end":{}}],"line":157}},"s":{"0":2,"1":29,"2":29,"3":29,"4":29,"5":1,"6":1,"7":1,"8":1,"9":1,"10":1,"11":1,"12":0,"13":0,"14":0,"15":29,"16":1,"17":1,"18":1,"19":1,"20":1,"21":1,"22":1,"23":1,"24":1,"25":1,"26":0,"27":0,"28":29,"29":6,"30":6,"31":6,"32":6,"33":2,"34":2,"35":6,"36":4,"37":0,"38":0,"39":0,"40":0,"41":0,"42":0,"43":6,"44":6,"45":6,"46":29,"47":6,"48":6,"49":13,"50":6,"51":0,"52":6,"53":6,"54":12,"55":6,"56":0,"57":0,"58":6,"59":6,"60":18,"61":10,"62":6,"63":0,"64":6,"65":6,"66":29,"67":2,"68":2,"69":2,"70":29},"f":{"0":29,"1":1,"2":1,"3":6,"4":6,"5":13,"6":12,"7":18,"8":2},"b":{"0":[2,0],"1":[1,0],"2":[0,0],"3":[0,6],"4":[6,0],"5":[0,6],"6":[10,8]},"_coverageSchema":"1a1c01bbd47fc00a2c39e90264f33305004495a9","hash":"bf3a3cbfbeaabd4f15cc3fdfa46d32d528a64963"}
,"/Users/jordanwhistler/AT_Proto_Filter_UI/src/ConnectionStatus.js": {"path":"/Users/jordanwhistler/AT_Proto_Filter_UI/src/ConnectionStatus.js","statementMap":{"0":{"start":{"line":3,"column":25},"end":{"line":74,"column":1}},"1":{"start":{"line":4,"column":25},"end":{"line":18,"column":3}},"2":{"start":{"line":5,"column":4},"end":{"line":17,"column":5}},"3":{"start":{"line":7,"column":8},"end":{"line":7,"column":25}},"4":{"start":{"line":10,"column":8},"end":{"line":10,"column":25}},"5":{"start":{"line":12,"column":8},"end":{"line":12,"column":25}},"6":{"start":{"line":14,"column":8},"end":{"line":14,"column":25}},"7":{"start":{"line":16,"column":8},"end":{"line":16,"column":25}},"8":{"start":{"line":20,"column":24},"end":{"line":35,"column":3}},"9":{"start":{"line":21,"column":4},"end":{"line":34,"column":5}},"10":{"start":{"line":23,"column":8},"end":{"line":23,"column":27}},"11":{"start":{"line":25,"column":8},"end":{"line":25,"column":31}},"12":{"start":{"line":27,"column":8},"end":{"line":27,"column":33}},"13":{"start":{"line":29,"column":8},"end":{"line":29,"column":30}},"14":{"start":{"line":31,"column":8},"end":{"line":31,"column":34}},"15":{"start":{"line":33,"column":8},"end":{"line":33,"column":25}},"16":{"start":{"line":37,"column":2},"end":{"line":73,"column":4}}},"fnMap":{"0":{"name":"(anonymous_0)","decl":{"start":{"line":3,"column":25},"end":{"line":3,"column":26}},"loc":{"start":{"line":3,"column":84},"end":{"line":74,"column":1}},"line":3},"1":{"name":"(anonymous_1)","decl":{"start":{"line":4,"column":25},"end":{"line":4,"column":26}},"loc":{"start":{"line":4,"column":31},"end":{"line":18,"column":3}},"line":4},"2":{"name":"(anonymous_2)","decl":{"start":{"line":20,"column":24},"end":{"line":20,"column":25}},"loc":{"start":{"line":20,"column":30},"end":{"line":35,"column":3}},"line":20}},"branchMap":{"0":{"loc":{"start":{"line":5,"column":4},"end":{"line":17,"column":5}},"type":"switch","locations":[{"start":{"line":6,"column":6},"end":{"line":7,"column":25}},{"start":{"line":8,"column":6},"end":{"line":8,"column":24}},{"start":{"line":9,"column":6},"end":{"line":10,"column":25}},{"start":{"line":11,"column":6},"end":{"line":12,"column":25}},{"start":{"line":13,"column":6},"end":{"line":14,"column":25}},{"start":{"line":15,"column":6},"end":{"line":16,"column":25}}],"line":5},"1":{"loc":{"start":{"line":21,"column":4},"end":{"line":34,"column":5}},"type":"switch","locations":[{"start":{"line":22,"column":6},"end":{"line":23,"column":27}},{"start":{"line":24,"column":6},"end":{"line":25,"column":31}},{"start":{"line":26,"column":6},"end":{"line":27,"column":33}},{"start":{"line":28,"column":6},"end":{"line":29,"column":30}},{"start":{"line":30,"column":6},"end":{"line":31,"column":34}},{"start":{"line":32,"column":6},"end":{"line":33,"column":25}}],"line":21},"2":{"loc":{"start":{"line":46,"column":7},"end":{"line":51,"column":7}},"type":"binary-expr","locations":[{"start":{"line":46,"column":7},"end":{"line":46,"column":16}},{"start":{"line":47,"column":8},"end":{"line":50,"column":14}}],"line":46},"3":{"loc":{"start":{"line":52,"column":7},"end":{"line":71,"column":7}},"type":"binary-expr","locations":[{"start":{"line":52,"column":7},"end":{"line":52,"column":23}},{"start":{"line":53,"column":8},"end":{"line":70,"column":14}}],"line":52},"4":{"loc":{"start":{"line":61,"column":11},"end":{"line":69,"column":11}},"type":"binary-expr","locations":[{"start":{"line":61,"column":11},"end":{"line":61,"column":23}},{"start":{"line":62,"column":12},"end":{"line":68,"column":21}}],"line":61}},"s":{"0":2,"1":25,"2":25,"3":2,"4":0,"5":23,"6":0,"7":0,"8":25,"9":25,"10":2,"11":0,"12":0,"13":23,"14":0,"15":0,"16":25},"f":{"0":25,"1":25,"2":25},"b":{"0":[2,0,0,23,0,0],"1":[2,0,0,23,0,0],"2":[25,1],"3":[25,25],"4":[25,25]},"_coverageSchema":"1a1c01bbd47fc00a2c39e90264f33305004495a9","hash":"5e0ab4bce0a8f64cd5868aaecbb01f7301fa8ee2"}
,"/Users/jordanwhistler/AT_Proto_Filter_UI/src/EventItem.js": {"path":"/Users/jordanwhistler/AT_Proto_Filter_UI/src/EventItem.js","statementMap":{"0":{"start":{"line":5,"column":18},"end":{"line":201,"column":1}},"1":{"start":{"line":6,"column":38},"end":{"line":6,"column":53}},"2":{"start":{"line":8,"column":26},"end":{"line":16,"column":3}},"3":{"start":{"line":9,"column":4},"end":{"line":15,"column":7}},"4":{"start":{"line":18,"column":28},"end":{"line":24,"column":3}},"5":{"start":{"line":19,"column":4},"end":{"line":19,"column":53}},"6":{"start":{"line":19,"column":36},"end":{"line":19,"column":53}},"7":{"start":{"line":20,"column":4},"end":{"line":20,"column":56}},"8":{"start":{"line":20,"column":39},"end":{"line":20,"column":56}},"9":{"start":{"line":21,"column":4},"end":{"line":21,"column":53}},"10":{"start":{"line":21,"column":36},"end":{"line":21,"column":53}},"11":{"start":{"line":22,"column":4},"end":{"line":22,"column":55}},"12":{"start":{"line":22,"column":38},"end":{"line":22,"column":55}},"13":{"start":{"line":23,"column":4},"end":{"line":23,"column":21}},"14":{"start":{"line":26,"column":27},"end":{"line":42,"column":3}},"15":{"start":{"line":27,"column":16},"end":{"line":27,"column":41}},"16":{"start":{"line":28,"column":4},"end":{"line":28,"column":38}},"17":{"start":{"line":28,"column":26},"end":{"line":28,"column":38}},"18":{"start":{"line":30,"column":15},"end":{"line":30,"column":21}},"19":{"start":{"line":32,"column":4},"end":{"line":41,"column":6}},"20":{"start":{"line":44,"column":30},"end":{"line":109,"column":3}},"21":{"start":{"line":45,"column":4},"end":{"line":93,"column":5}},"22":{"start":{"line":47,"column":6},"end":{"line":64,"column":7}},"23":{"start":{"line":49,"column":8},"end":{"line":63,"column":10}},"24":{"start":{"line":66,"column":6},"end":{"line":80,"column":7}},"25":{"start":{"line":68,"column":8},"end":{"line":79,"column":10}},"26":{"start":{"line":83,"column":6},"end":{"line":92,"column":8}},"27":{"start":{"line":96,"column":4},"end":{"line":106,"column":5}},"28":{"start":{"line":97,"column":6},"end":{"line":105,"column":8}},"29":{"start":{"line":108,"column":4},"end":{"line":108,"column":16}},"30":{"start":{"line":111,"column":20},"end":{"line":111,"column":43}},"31":{"start":{"line":112,"column":2},"end":{"line":112,"column":30}},"32":{"start":{"line":112,"column":18},"end":{"line":112,"column":30}},"33":{"start":{"line":114,"column":57},"end":{"line":114,"column":66}},"34":{"start":{"line":115,"column":25},"end":{"line":115,"column":54}},"35":{"start":{"line":118,"column":20},"end":{"line":118,"column":22}},"36":{"start":{"line":119,"column":2},"end":{"line":127,"column":3}},"37":{"start":{"line":120,"column":4},"end":{"line":120,"column":90}},"38":{"start":{"line":121,"column":9},"end":{"line":127,"column":3}},"39":{"start":{"line":122,"column":4},"end":{"line":122,"column":71}},"40":{"start":{"line":123,"column":9},"end":{"line":127,"column":3}},"41":{"start":{"line":124,"column":4},"end":{"line":124,"column":68}},"42":{"start":{"line":126,"column":4},"end":{"line":126,"column":40}},"43":{"start":{"line":129,"column":2},"end":{"line":200,"column":4}},"44":{"start":{"line":131,"column":51},"end":{"line":131,"column":77}}},"fnMap":{"0":{"name":"(anonymous_0)","decl":{"start":{"line":5,"column":18},"end":{"line":5,"column":19}},"loc":{"start":{"line":5,"column":40},"end":{"line":201,"column":1}},"line":5},"1":{"name":"(anonymous_1)","decl":{"start":{"line":8,"column":26},"end":{"line":8,"column":27}},"loc":{"start":{"line":8,"column":41},"end":{"line":16,"column":3}},"line":8},"2":{"name":"(anonymous_2)","decl":{"start":{"line":18,"column":28},"end":{"line":18,"column":29}},"loc":{"start":{"line":18,"column":38},"end":{"line":24,"column":3}},"line":18},"3":{"name":"(anonymous_3)","decl":{"start":{"line":26,"column":27},"end":{"line":26,"column":28}},"loc":{"start":{"line":26,"column":42},"end":{"line":42,"column":3}},"line":26},"4":{"name":"(anonymous_4)","decl":{"start":{"line":44,"column":30},"end":{"line":44,"column":31}},"loc":{"start":{"line":44,"column":53},"end":{"line":109,"column":3}},"line":44},"5":{"name":"(anonymous_5)","decl":{"start":{"line":131,"column":45},"end":{"line":131,"column":46}},"loc":{"start":{"line":131,"column":51},"end":{"line":131,"column":77}},"line":131}},"branchMap":{"0":{"loc":{"start":{"line":19,"column":4},"end":{"line":19,"column":53}},"type":"if","locations":[{"start":{"line":19,"column":4},"end":{"line":19,"column":53}},{"start":{},"end":{}}],"line":19},"1":{"loc":{"start":{"line":20,"column":4},"end":{"line":20,"column":56}},"type":"if","locations":[{"start":{"line":20,"column":4},"end":{"line":20,"column":56}},{"start":{},"end":{}}],"line":20},"2":{"loc":{"start":{"line":21,"column":4},"end":{"line":21,"column":53}},"type":"if","locations":[{"start":{"line":21,"column":4},"end":{"line":21,"column":53}},{"start":{},"end":{}}],"line":21},"3":{"loc":{"start":{"line":22,"column":4},"end":{"line":22,"column":55}},"type":"if","locations":[{"start":{"line":22,"column":4},"end":{"line":22,"column":55}},{"start":{},"end":{}}],"line":22},"4":{"loc":{"start":{"line":27,"column":16},"end":{"line":27,"column":41}},"type":"binary-expr","locations":[{"start":{"line":27,"column":16},"end":{"line":27,"column":35}},{"start":{"line":27,"column":39},"end":{"line":27,"column":41}}],"line":27},"5":{"loc":{"start":{"line":28,"column":4},"end":{"line":28,"column":38}},"type":"if","locations":[{"start":{"line":28,"column":4},"end":{"line":28,"column":38}},{"start":{},"end":{}}],"line":28},"6":{"loc":{"start":{"line":34,"column":18},"end":{"line":34,"column":70}},"type":"binary-expr","locations":[{"start":{"line":34,"column":18},"end":{"line":34,"column":31}},{"start":{"line":34,"column":35},"end":{"line":34,"column":57}},{"start":{"line":34,"column":61},"end":{"line":34,"column":70}}],"line":34},"7":{"loc":{"start":{"line":40,"column":17},"end":{"line":40,"column":60}},"type":"binary-expr","locations":[{"start":{"line":40,"column":17},"end":{"line":40,"column":37}},{"start":{"line":40,"column":41},"end":{"line":40,"column":60}}],"line":40},"8":{"loc":{"start":{"line":45,"column":4},"end":{"line":93,"column":5}},"type":"if","locations":[{"start":{"line":45,"column":4},"end":{"line":93,"column":5}},{"start":{},"end":{}}],"line":45},"9":{"loc":{"start":{"line":47,"column":6},"end":{"line":64,"column":7}},"type":"if","locations":[{"start":{"line":47,"column":6},"end":{"line":64,"column":7}},{"start":{},"end":{}}],"line":47},"10":{"loc":{"start":{"line":52,"column":13},"end":{"line":56,"column":13}},"type":"binary-expr","locations":[{"start":{"line":52,"column":13},"end":{"line":52,"column":25}},{"start":{"line":53,"column":14},"end":{"line":55,"column":20}}],"line":52},"11":{"loc":{"start":{"line":57,"column":13},"end":{"line":61,"column":13}},"type":"binary-expr","locations":[{"start":{"line":57,"column":13},"end":{"line":57,"column":29}},{"start":{"line":58,"column":14},"end":{"line":60,"column":20}}],"line":57},"12":{"loc":{"start":{"line":66,"column":6},"end":{"line":80,"column":7}},"type":"if","locations":[{"start":{"line":66,"column":6},"end":{"line":80,"column":7}},{"start":{},"end":{}}],"line":66},"13":{"loc":{"start":{"line":73,"column":13},"end":{"line":77,"column":13}},"type":"binary-expr","locations":[{"start":{"line":73,"column":13},"end":{"line":73,"column":29}},{"start":{"line":74,"column":14},"end":{"line":76,"column":20}}],"line":73},"14":{"loc":{"start":{"line":96,"column":4},"end":{"line":106,"column":5}},"type":"if","locations":[{"start":{"line":96,"column":4},"end":{"line":106,"column":5}},{"start":{},"end":{}}],"line":96},"15":{"loc":{"start":{"line":96,"column":8},"end":{"line":96,"column":19}},"type":"binary-expr","locations":[{"start":{"line":96,"column":8},"end":{"line":96,"column":11}},{"start":{"line":96,"column":15},"end":{"line":96,"column":19}}],"line":96},"16":{"loc":{"start":{"line":100,"column":13},"end":{"line":100,"column":61}},"type":"binary-expr","locations":[{"start":{"line":100,"column":13},"end":{"line":100,"column":17}},{"start":{"line":100,"column":21},"end":{"line":100,"column":61}}],"line":100},"17":{"loc":{"start":{"line":101,"column":13},"end":{"line":101,"column":71}},"type":"binary-expr","locations":[{"start":{"line":101,"column":13},"end":{"line":101,"column":16}},{"start":{"line":101,"column":20},"end":{"line":101,"column":71}}],"line":101},"18":{"loc":{"start":{"line":112,"column":2},"end":{"line":112,"column":30}},"type":"if","locations":[{"start":{"line":112,"column":2},"end":{"line":112,"column":30}},{"start":{},"end":{}}],"line":112},"19":{"loc":{"start":{"line":119,"column":2},"end":{"line":127,"column":3}},"type":"if","locations":[{"start":{"line":119,"column":2},"end":{"line":127,"column":3}},{"start":{"line":121,"column":9},"end":{"line":127,"column":3}}],"line":119},"20":{"loc":{"start":{"line":120,"column":51},"end":{"line":120,"column":88}},"type":"cond-expr","locations":[{"start":{"line":120,"column":78},"end":{"line":120,"column":83}},{"start":{"line":120,"column":86},"end":{"line":120,"column":88}}],"line":120},"21":{"loc":{"start":{"line":121,"column":9},"end":{"line":127,"column":3}},"type":"if","locations":[{"start":{"line":121,"column":9},"end":{"line":127,"column":3}},{"start":{"line":123,"column":9},"end":{"line":127,"column":3}}],"line":121},"22":{"loc":{"start":{"line":123,"column":9},"end":{"line":127,"column":3}},"type":"if","locations":[{"start":{"line":123,"column":9},"end":{"line":127,"column":3}},{"start":{"line":125,"column":9},"end":{"line":127,"column":3}}],"line":123},"23":{"loc":{"start":{"line":154,"column":42},"end":{"line":154,"column":70}},"type":"cond-expr","locations":[{"start":{"line":154,"column":55},"end":{"line":154,"column":65}},{"start":{"line":154,"column":68},"end":{"line":154,"column":70}}],"line":154},"24":{"loc":{"start":{"line":160,"column":7},"end":{"line":198,"column":7}},"type":"binary-expr","locations":[{"start":{"line":160,"column":7},"end":{"line":160,"column":17}},{"start":{"line":161,"column":8},"end":{"line":197,"column":14}}],"line":160},"25":{"loc":{"start":{"line":171,"column":13},"end":{"line":176,"column":13}},"type":"binary-expr","locations":[{"start":{"line":171,"column":13},"end":{"line":171,"column":16}},{"start":{"line":172,"column":14},"end":{"line":175,"column":20}}],"line":171},"26":{"loc":{"start":{"line":180,"column":17},"end":{"line":180,"column":78}},"type":"cond-expr","locations":[{"start":{"line":180,"column":37},"end":{"line":180,"column":70}},{"start":{"line":180,"column":73},"end":{"line":180,"column":78}}],"line":180},"27":{"loc":{"start":{"line":187,"column":11},"end":{"line":196,"column":11}},"type":"binary-expr","locations":[{"start":{"line":187,"column":11},"end":{"line":187,"column":33}},{"start":{"line":188,"column":12},"end":{"line":195,"column":18}}],"line":187}},"s":{"0":3,"1":14,"2":14,"3":13,"4":14,"5":12,"6":11,"7":1,"8":0,"9":1,"10":1,"11":0,"12":0,"13":0,"14":14,"15":14,"16":14,"17":2,"18":12,"19":12,"20":14,"21":1,"22":1,"23":1,"24":0,"25":0,"26":0,"27":0,"28":0,"29":0,"30":14,"31":14,"32":2,"33":12,"34":12,"35":12,"36":12,"37":10,"38":2,"39":1,"40":1,"41":1,"42":0,"43":12,"44":2},"f":{"0":14,"1":13,"2":12,"3":14,"4":1,"5":2},"b":{"0":[11,1],"1":[0,1],"2":[1,0],"3":[0,0],"4":[14,2],"5":[2,12],"6":[12,0,0],"7":[12,0],"8":[1,0],"9":[1,0],"10":[1,1],"11":[1,1],"12":[0,0],"13":[0,0],"14":[0,0],"15":[0,0],"16":[0,0],"17":[0,0],"18":[2,12],"19":[10,2],"20":[1,9],"21":[1,1],"22":[1,0],"23":[1,11],"24":[12,1],"25":[1,1],"26":[1,0],"27":[1,0]},"_coverageSchema":"1a1c01bbd47fc00a2c39e90264f33305004495a9","hash":"839c03e51bcbda72c8d12612b5e0be7ac7c38cfd"}
,"/Users/jordanwhistler/AT_Proto_Filter_UI/src/EventStream.js": {"path":"/Users/jordanwhistler/AT_Proto_Filter_UI/src/EventStream.js","statementMap":{"0":{"start":{"line":4,"column":20},"end":{"line":93,"column":1}},"1":{"start":{"line":12,"column":20},"end":{"line":12,"column":37}},"2":{"start":{"line":13,"column":22},"end":{"line":13,"column":54}},"3":{"start":{"line":15,"column":2},"end":{"line":92,"column":4}},"4":{"start":{"line":82,"column":14},"end":{"line":86,"column":16}}},"fnMap":{"0":{"name":"(anonymous_0)","decl":{"start":{"line":4,"column":20},"end":{"line":4,"column":21}},"loc":{"start":{"line":11,"column":6},"end":{"line":93,"column":1}},"line":11},"1":{"name":"(anonymous_1)","decl":{"start":{"line":81,"column":24},"end":{"line":81,"column":25}},"loc":{"start":{"line":82,"column":14},"end":{"line":86,"column":16}},"line":82}},"branchMap":{"0":{"loc":{"start":{"line":29,"column":37},"end":{"line":29,"column":66}},"type":"cond-expr","locations":[{"start":{"line":29,"column":48},"end":{"line":29,"column":61}},{"start":{"line":29,"column":64},"end":{"line":29,"column":66}}],"line":29},"1":{"loc":{"start":{"line":31,"column":19},"end":{"line":31,"column":81}},"type":"cond-expr","locations":[{"start":{"line":31,"column":30},"end":{"line":31,"column":76}},{"start":{"line":31,"column":79},"end":{"line":31,"column":81}}],"line":31},"2":{"loc":{"start":{"line":33,"column":13},"end":{"line":33,"column":48}},"type":"cond-expr","locations":[{"start":{"line":33,"column":24},"end":{"line":33,"column":35}},{"start":{"line":33,"column":38},"end":{"line":33,"column":48}}],"line":33},"3":{"loc":{"start":{"line":37,"column":13},"end":{"line":37,"column":98}},"type":"binary-expr","locations":[{"start":{"line":37,"column":13},"end":{"line":37,"column":21}},{"start":{"line":37,"column":25},"end":{"line":37,"column":98}}],"line":37},"4":{"loc":{"start":{"line":43,"column":9},"end":{"line":49,"column":9}},"type":"binary-expr","locations":[{"start":{"line":43,"column":9},"end":{"line":43,"column":17}},{"start":{"line":43,"column":21},"end":{"line":43,"column":32}},{"start":{"line":44,"column":10},"end":{"line":48,"column":16}}],"line":43},"5":{"loc":{"start":{"line":51,"column":9},"end":{"line":89,"column":9}},"type":"cond-expr","locations":[{"start":{"line":52,"column":10},"end":{"line":78,"column":16}},{"start":{"line":80,"column":10},"end":{"line":88,"column":16}}],"line":51},"6":{"loc":{"start":{"line":55,"column":15},"end":{"line":57,"column":41}},"type":"cond-expr","locations":[{"start":{"line":56,"column":18},"end":{"line":56,"column":96}},{"start":{"line":57,"column":18},"end":{"line":57,"column":41}}],"line":55},"7":{"loc":{"start":{"line":60,"column":13},"end":{"line":62,"column":13}},"type":"binary-expr","locations":[{"start":{"line":60,"column":13},"end":{"line":60,"column":21}},{"start":{"line":60,"column":25},"end":{"line":60,"column":36}},{"start":{"line":61,"column":14},"end":{"line":61,"column":91}}],"line":60},"8":{"loc":{"start":{"line":63,"column":13},"end":{"line":77,"column":13}},"type":"binary-expr","locations":[{"start":{"line":63,"column":13},"end":{"line":63,"column":24}},{"start":{"line":63,"column":28},"end":{"line":63,"column":37}},{"start":{"line":64,"column":14},"end":{"line":76,"column":20}}],"line":63}},"s":{"0":2,"1":25,"2":25,"3":25,"4":1},"f":{"0":25,"1":1},"b":{"0":[0,25],"1":[0,25],"2":[0,25],"3":[25,0],"4":[25,0,0],"5":[24,1],"6":[23,1],"7":[24,0,0],"8":[24,1,1]},"_coverageSchema":"1a1c01bbd47fc00a2c39e90264f33305004495a9","hash":"8758fbecde06d1f4f352f3820ef3834f28a475b9"}
,"/Users/jordanwhistler/AT_Proto_Filter_UI/src/FilterForm.js": {"path":"/Users/jordanwhistler/AT_Proto_Filter_UI/src/FilterForm.js","statementMap":{"0":{"start":{"line":3,"column":19},"end":{"line":82,"column":1}},"1":{"start":{"line":4,"column":38},"end":{"line":4,"column":78}},"2":{"start":{"line":5,"column":38},"end":{"line":5,"column":96}},"3":{"start":{"line":6,"column":32},"end":{"line":6,"column":69}},"4":{"start":{"line":8,"column":2},"end":{"line":12,"column":22}},"5":{"start":{"line":9,"column":4},"end":{"line":9,"column":50}},"6":{"start":{"line":10,"column":4},"end":{"line":10,"column":68}},"7":{"start":{"line":11,"column":4},"end":{"line":11,"column":44}},"8":{"start":{"line":14,"column":23},"end":{"line":21,"column":3}},"9":{"start":{"line":15,"column":4},"end":{"line":15,"column":23}},"10":{"start":{"line":16,"column":4},"end":{"line":20,"column":7}},"11":{"start":{"line":23,"column":22},"end":{"line":28,"column":3}},"12":{"start":{"line":24,"column":4},"end":{"line":24,"column":22}},"13":{"start":{"line":25,"column":4},"end":{"line":25,"column":40}},"14":{"start":{"line":26,"column":4},"end":{"line":26,"column":19}},"15":{"start":{"line":27,"column":4},"end":{"line":27,"column":20}},"16":{"start":{"line":30,"column":2},"end":{"line":81,"column":4}},"17":{"start":{"line":41,"column":29},"end":{"line":41,"column":58}},"18":{"start":{"line":53,"column":29},"end":{"line":53,"column":58}},"19":{"start":{"line":65,"column":29},"end":{"line":65,"column":55}}},"fnMap":{"0":{"name":"(anonymous_0)","decl":{"start":{"line":3,"column":19},"end":{"line":3,"column":20}},"loc":{"start":{"line":3,"column":72},"end":{"line":82,"column":1}},"line":3},"1":{"name":"(anonymous_1)","decl":{"start":{"line":8,"column":12},"end":{"line":8,"column":13}},"loc":{"start":{"line":8,"column":18},"end":{"line":12,"column":3}},"line":8},"2":{"name":"(anonymous_2)","decl":{"start":{"line":14,"column":23},"end":{"line":14,"column":24}},"loc":{"start":{"line":14,"column":30},"end":{"line":21,"column":3}},"line":14},"3":{"name":"(anonymous_3)","decl":{"start":{"line":23,"column":22},"end":{"line":23,"column":23}},"loc":{"start":{"line":23,"column":28},"end":{"line":28,"column":3}},"line":23},"4":{"name":"(anonymous_4)","decl":{"start":{"line":41,"column":22},"end":{"line":41,"column":23}},"loc":{"start":{"line":41,"column":29},"end":{"line":41,"column":58}},"line":41},"5":{"name":"(anonymous_5)","decl":{"start":{"line":53,"column":22},"end":{"line":53,"column":23}},"loc":{"start":{"line":53,"column":29},"end":{"line":53,"column":58}},"line":53},"6":{"name":"(anonymous_6)","decl":{"start":{"line":65,"column":22},"end":{"line":65,"column":23}},"loc":{"start":{"line":65,"column":29},"end":{"line":65,"column":55}},"line":65}},"branchMap":{"0":{"loc":{"start":{"line":4,"column":47},"end":{"line":4,"column":77}},"type":"binary-expr","locations":[{"start":{"line":4,"column":47},"end":{"line":4,"column":71}},{"start":{"line":4,"column":75},"end":{"line":4,"column":77}}],"line":4},"1":{"loc":{"start":{"line":5,"column":47},"end":{"line":5,"column":95}},"type":"binary-expr","locations":[{"start":{"line":5,"column":47},"end":{"line":5,"column":71}},{"start":{"line":5,"column":75},"end":{"line":5,"column":95}}],"line":5},"2":{"loc":{"start":{"line":6,"column":41},"end":{"line":6,"column":68}},"type":"binary-expr","locations":[{"start":{"line":6,"column":41},"end":{"line":6,"column":62}},{"start":{"line":6,"column":66},"end":{"line":6,"column":68}}],"line":6},"3":{"loc":{"start":{"line":9,"column":18},"end":{"line":9,"column":48}},"type":"binary-expr","locations":[{"start":{"line":9,"column":18},"end":{"line":9,"column":42}},{"start":{"line":9,"column":46},"end":{"line":9,"column":48}}],"line":9},"4":{"loc":{"start":{"line":10,"column":18},"end":{"line":10,"column":66}},"type":"binary-expr","locations":[{"start":{"line":10,"column":18},"end":{"line":10,"column":42}},{"start":{"line":10,"column":46},"end":{"line":10,"column":66}}],"line":10},"5":{"loc":{"start":{"line":11,"column":15},"end":{"line":11,"column":42}},"type":"binary-expr","locations":[{"start":{"line":11,"column":15},"end":{"line":11,"column":36}},{"start":{"line":11,"column":40},"end":{"line":11,"column":42}}],"line":11}},"s":{"0":3,"1":152,"2":152,"3":152,"4":152,"5":32,"6":32,"7":32,"8":152,"9":8,"10":8,"11":152,"12":3,"13":3,"14":3,"15":3,"16":152,"17":29,"18":21,"19":56},"f":{"0":152,"1":32,"2":8,"3":3,"4":29,"5":21,"6":56},"b":{"0":[152,148],"1":[152,132],"2":[152,136],"3":[32,30],"4":[32,24],"5":[32,26]},"_coverageSchema":"1a1c01bbd47fc00a2c39e90264f33305004495a9","hash":"e9027939e49e133eca801b27a8f58e3af5cf781a"}
,"/Users/jordanwhistler/AT_Proto_Filter_UI/src/atproto-utils.js": {"path":"/Users/jordanwhistler/AT_Proto_Filter_UI/src/atproto-utils.js","statementMap":{"0":{"start":{"line":3,"column":34},"end":{"line":19,"column":1}},"1":{"start":{"line":4,"column":2},"end":{"line":18,"column":3}},"2":{"start":{"line":6,"column":16},"end":{"line":6,"column":119}},"3":{"start":{"line":8,"column":21},"end":{"line":8,"column":37}},"4":{"start":{"line":9,"column":4},"end":{"line":11,"column":5}},"5":{"start":{"line":10,"column":6},"end":{"line":10,"column":68}},"6":{"start":{"line":13,"column":17},"end":{"line":13,"column":38}},"7":{"start":{"line":14,"column":4},"end":{"line":14,"column":22}},"8":{"start":{"line":16,"column":4},"end":{"line":16,"column":59}},"9":{"start":{"line":17,"column":4},"end":{"line":17,"column":16}},"10":{"start":{"line":21,"column":29},"end":{"line":30,"column":1}},"11":{"start":{"line":23,"column":16},"end":{"line":23,"column":31}},"12":{"start":{"line":24,"column":2},"end":{"line":24,"column":38}},"13":{"start":{"line":24,"column":26},"end":{"line":24,"column":38}},"14":{"start":{"line":26,"column":2},"end":{"line":29,"column":4}},"15":{"start":{"line":32,"column":34},"end":{"line":40,"column":1}},"16":{"start":{"line":34,"column":2},"end":{"line":39,"column":4}}},"fnMap":{"0":{"name":"(anonymous_0)","decl":{"start":{"line":3,"column":34},"end":{"line":3,"column":35}},"loc":{"start":{"line":3,"column":67},"end":{"line":19,"column":1}},"line":3},"1":{"name":"(anonymous_1)","decl":{"start":{"line":21,"column":29},"end":{"line":21,"column":30}},"loc":{"start":{"line":21,"column":39},"end":{"line":30,"column":1}},"line":21},"2":{"name":"(anonymous_2)","decl":{"start":{"line":32,"column":34},"end":{"line":32,"column":35}},"loc":{"start":{"line":32,"column":58},"end":{"line":40,"column":1}},"line":32}},"branchMap":{"0":{"loc":{"start":{"line":9,"column":4},"end":{"line":11,"column":5}},"type":"if","locations":[{"start":{"line":9,"column":4},"end":{"line":11,"column":5}},{"start":{},"end":{}}],"line":9},"1":{"loc":{"start":{"line":24,"column":2},"end":{"line":24,"column":38}},"type":"if","locations":[{"start":{"line":24,"column":2},"end":{"line":24,"column":38}},{"start":{},"end":{}}],"line":24},"2":{"loc":{"start":{"line":34,"column":9},"end":{"line":39,"column":3}},"type":"binary-expr","locations":[{"start":{"line":34,"column":9},"end":{"line":34,"column":28}},{"start":{"line":35,"column":4},"end":{"line":35,"column":39}},{"start":{"line":36,"column":4},"end":{"line":36,"column":39}},{"start":{"line":37,"column":4},"end":{"line":37,"column":41}},{"start":{"line":38,"column":4},"end":{"line":38,"column":42}}],"line":34}},"s":{"0":3,"1":0,"2":0,"3":0,"4":0,"5":0,"6":0,"7":0,"8":0,"9":0,"10":3,"11":0,"12":0,"13":0,"14":0,"15":3,"16":0},"f":{"0":0,"1":0,"2":0},"b":{"0":[0,0],"1":[0,0],"2":[0,0,0,0,0]},"_coverageSchema":"1a1c01bbd47fc00a2c39e90264f33305004495a9","hash":"e8643855fa7030a8f97eef7be892db0221662eca"}
,"/Users/jordanwhistler/AT_Proto_Filter_UI/src/index.js": {"path":"/Users/jordanwhistler/AT_Proto_Filter_UI/src/index.js","statementMap":{"0":{"start":{"line":6,"column":13},"end":{"line":6,"column":65}},"1":{"start":{"line":7,"column":0},"end":{"line":11,"column":2}}},"fnMap":{},"branchMap":{},"s":{"0":0,"1":0},"f":{},"b":{}}
,"/Users/jordanwhistler/AT_Proto_Filter_UI/src/useRecordContent.js": {"path":"/Users/jordanwhistler/AT_Proto_Filter_UI/src/useRecordContent.js","statementMap":{"0":{"start":{"line":3,"column":32},"end":{"line":26,"column":1}},"1":{"start":{"line":4,"column":44},"end":{"line":4,"column":58}},"2":{"start":{"line":5,"column":36},"end":{"line":5,"column":51}},"3":{"start":{"line":6,"column":28},"end":{"line":6,"column":42}},"4":{"start":{"line":8,"column":2},"end":{"line":23,"column":14}},"5":{"start":{"line":10,"column":4},"end":{"line":10,"column":24}},"6":{"start":{"line":11,"column":4},"end":{"line":11,"column":19}},"7":{"start":{"line":12,"column":4},"end":{"line":12,"column":27}},"8":{"start":{"line":15,"column":4},"end":{"line":15,"column":39}},"9":{"start":{"line":15,"column":32},"end":{"line":15,"column":39}},"10":{"start":{"line":17,"column":15},"end":{"line":17,"column":32}},"11":{"start":{"line":20,"column":4},"end":{"line":22,"column":5}},"12":{"start":{"line":21,"column":6},"end":{"line":21,"column":34}},"13":{"start":{"line":25,"column":2},"end":{"line":25,"column":45}}},"fnMap":{"0":{"name":"(anonymous_0)","decl":{"start":{"line":3,"column":32},"end":{"line":3,"column":33}},"loc":{"start":{"line":3,"column":43},"end":{"line":26,"column":1}},"line":3},"1":{"name":"(anonymous_1)","decl":{"start":{"line":8,"column":12},"end":{"line":8,"column":13}},"loc":{"start":{"line":8,"column":18},"end":{"line":23,"column":3}},"line":8}},"branchMap":{"0":{"loc":{"start":{"line":15,"column":4},"end":{"line":15,"column":39}},"type":"if","locations":[{"start":{"line":15,"column":4},"end":{"line":15,"column":39}},{"start":{},"end":{}}],"line":15},"1":{"loc":{"start":{"line":20,"column":4},"end":{"line":22,"column":5}},"type":"if","locations":[{"start":{"line":20,"column":4},"end":{"line":22,"column":5}},{"start":{},"end":{}}],"line":20}},"s":{"0":3,"1":8,"2":8,"3":8,"4":8,"5":5,"6":5,"7":5,"8":5,"9":1,"10":4,"11":4,"12":3,"13":8},"f":{"0":8,"1":5},"b":{"0":[1,4],"1":[3,1]},"_coverageSchema":"1a1c01bbd47fc00a2c39e90264f33305004495a9","hash":"3f0f89749fe36b10806d360cc547b572207e9855"}
,"/Users/jordanwhistler/AT_Proto_Filter_UI/src/useWebSocket.js": {"path":"/Users/jordanwhistler/AT_Proto_Filter_UI/src/useWebSocket.js","statementMap":{"0":{"start":{"line":4,"column":19},"end":{"line":4,"column":79}},"1":{"start":{"line":7,"column":14},"end":{"line":7,"column":94}},"2":{"start":{"line":10,"column":15},"end":{"line":13,"column":1}},"3":{"start":{"line":15,"column":22},"end":{"line":15,"column":28}},"4":{"start":{"line":17,"column":21},"end":{"line":156,"column":1}},"5":{"start":{"line":18,"column":17},"end":{"line":18,"column":29}},"6":{"start":{"line":19,"column":50},"end":{"line":19,"column":74}},"7":{"start":{"line":20,"column":30},"end":{"line":20,"column":42}},"8":{"start":{"line":21,"column":38},"end":{"line":21,"column":49}},"9":{"start":{"line":22,"column":34},"end":{"line":22,"column":49}},"10":{"start":{"line":23,"column":28},"end":{"line":23,"column":37}},"11":{"start":{"line":24,"column":31},"end":{"line":24,"column":32}},"12":{"start":{"line":27,"column":22},"end":{"line":27,"column":35}},"13":{"start":{"line":30,"column":2},"end":{"line":32,"column":17}},"14":{"start":{"line":31,"column":4},"end":{"line":31,"column":35}},"15":{"start":{"line":34,"column":2},"end":{"line":132,"column":18}},"16":{"start":{"line":35,"column":4},"end":{"line":42,"column":5}},"17":{"start":{"line":36,"column":6},"end":{"line":39,"column":7}},"18":{"start":{"line":37,"column":8},"end":{"line":37,"column":31}},"19":{"start":{"line":38,"column":8},"end":{"line":38,"column":30}},"20":{"start":{"line":40,"column":6},"end":{"line":40,"column":42}},"21":{"start":{"line":41,"column":6},"end":{"line":41,"column":13}},"22":{"start":{"line":44,"column":4},"end":{"line":44,"column":38}},"23":{"start":{"line":46,"column":20},"end":{"line":122,"column":5}},"24":{"start":{"line":47,"column":20},"end":{"line":47,"column":57}},"25":{"start":{"line":48,"column":6},"end":{"line":48,"column":53}},"26":{"start":{"line":49,"column":17},"end":{"line":49,"column":37}},"27":{"start":{"line":51,"column":6},"end":{"line":56,"column":8}},"28":{"start":{"line":52,"column":8},"end":{"line":52,"column":58}},"29":{"start":{"line":53,"column":8},"end":{"line":53,"column":41}},"30":{"start":{"line":54,"column":8},"end":{"line":54,"column":28}},"31":{"start":{"line":55,"column":8},"end":{"line":55,"column":38}},"32":{"start":{"line":58,"column":6},"end":{"line":95,"column":8}},"33":{"start":{"line":59,"column":8},"end":{"line":59,"column":67}},"34":{"start":{"line":61,"column":8},"end":{"line":64,"column":9}},"35":{"start":{"line":62,"column":10},"end":{"line":62,"column":60}},"36":{"start":{"line":63,"column":10},"end":{"line":63,"column":17}},"37":{"start":{"line":66,"column":8},"end":{"line":94,"column":9}},"38":{"start":{"line":67,"column":26},"end":{"line":67,"column":48}},"39":{"start":{"line":68,"column":10},"end":{"line":68,"column":60}},"40":{"start":{"line":71,"column":10},"end":{"line":77,"column":11}},"41":{"start":{"line":72,"column":12},"end":{"line":76,"column":15}},"42":{"start":{"line":79,"column":10},"end":{"line":91,"column":11}},"43":{"start":{"line":80,"column":12},"end":{"line":80,"column":60}},"44":{"start":{"line":81,"column":12},"end":{"line":85,"column":15}},"45":{"start":{"line":82,"column":32},"end":{"line":82,"column":50}},"46":{"start":{"line":84,"column":14},"end":{"line":84,"column":45}},"47":{"start":{"line":86,"column":12},"end":{"line":86,"column":44}},"48":{"start":{"line":86,"column":34},"end":{"line":86,"column":42}},"49":{"start":{"line":87,"column":17},"end":{"line":91,"column":11}},"50":{"start":{"line":88,"column":12},"end":{"line":88,"column":61}},"51":{"start":{"line":90,"column":12},"end":{"line":90,"column":63}},"52":{"start":{"line":93,"column":10},"end":{"line":93,"column":92}},"53":{"start":{"line":97,"column":6},"end":{"line":115,"column":8}},"54":{"start":{"line":98,"column":8},"end":{"line":98,"column":70}},"55":{"start":{"line":99,"column":8},"end":{"line":99,"column":51}},"56":{"start":{"line":100,"column":8},"end":{"line":100,"column":44}},"57":{"start":{"line":101,"column":8},"end":{"line":101,"column":30}},"58":{"start":{"line":104,"column":8},"end":{"line":114,"column":9}},"59":{"start":{"line":105,"column":10},"end":{"line":105,"column":38}},"60":{"start":{"line":106,"column":10},"end":{"line":106,"column":46}},"61":{"start":{"line":107,"column":10},"end":{"line":107,"column":105}},"62":{"start":{"line":108,"column":10},"end":{"line":111,"column":47}},"63":{"start":{"line":109,"column":12},"end":{"line":109,"column":80}},"64":{"start":{"line":110,"column":12},"end":{"line":110,"column":22}},"65":{"start":{"line":113,"column":10},"end":{"line":113,"column":76}},"66":{"start":{"line":117,"column":6},"end":{"line":121,"column":8}},"67":{"start":{"line":118,"column":8},"end":{"line":118,"column":51}},"68":{"start":{"line":119,"column":8},"end":{"line":119,"column":47}},"69":{"start":{"line":120,"column":8},"end":{"line":120,"column":37}},"70":{"start":{"line":124,"column":4},"end":{"line":124,"column":14}},"71":{"start":{"line":126,"column":4},"end":{"line":131,"column":6}},"72":{"start":{"line":127,"column":6},"end":{"line":130,"column":7}},"73":{"start":{"line":128,"column":8},"end":{"line":128,"column":31}},"74":{"start":{"line":129,"column":8},"end":{"line":129,"column":30}},"75":{"start":{"line":134,"column":22},"end":{"line":137,"column":3}},"76":{"start":{"line":135,"column":4},"end":{"line":135,"column":18}},"77":{"start":{"line":136,"column":4},"end":{"line":136,"column":21}},"78":{"start":{"line":139,"column":22},"end":{"line":145,"column":3}},"79":{"start":{"line":140,"column":4},"end":{"line":144,"column":7}},"80":{"start":{"line":141,"column":28},"end":{"line":141,"column":33}},"81":{"start":{"line":142,"column":6},"end":{"line":142,"column":72}},"82":{"start":{"line":143,"column":6},"end":{"line":143,"column":27}},"83":{"start":{"line":147,"column":2},"end":{"line":155,"column":4}}},"fnMap":{"0":{"name":"(anonymous_0)","decl":{"start":{"line":17,"column":21},"end":{"line":17,"column":22}},"loc":{"start":{"line":17,"column":36},"end":{"line":156,"column":1}},"line":17},"1":{"name":"(anonymous_1)","decl":{"start":{"line":30,"column":12},"end":{"line":30,"column":13}},"loc":{"start":{"line":30,"column":18},"end":{"line":32,"column":3}},"line":30},"2":{"name":"(anonymous_2)","decl":{"start":{"line":34,"column":12},"end":{"line":34,"column":13}},"loc":{"start":{"line":34,"column":18},"end":{"line":132,"column":3}},"line":34},"3":{"name":"(anonymous_3)","decl":{"start":{"line":46,"column":20},"end":{"line":46,"column":21}},"loc":{"start":{"line":46,"column":26},"end":{"line":122,"column":5}},"line":46},"4":{"name":"(anonymous_4)","decl":{"start":{"line":51,"column":18},"end":{"line":51,"column":19}},"loc":{"start":{"line":51,"column":24},"end":{"line":56,"column":7}},"line":51},"5":{"name":"(anonymous_5)","decl":{"start":{"line":58,"column":21},"end":{"line":58,"column":22}},"loc":{"start":{"line":58,"column":32},"end":{"line":95,"column":7}},"line":58},"6":{"name":"(anonymous_6)","decl":{"start":{"line":81,"column":22},"end":{"line":81,"column":23}},"loc":{"start":{"line":81,"column":30},"end":{"line":85,"column":13}},"line":81},"7":{"name":"(anonymous_7)","decl":{"start":{"line":86,"column":26},"end":{"line":86,"column":27}},"loc":{"start":{"line":86,"column":34},"end":{"line":86,"column":42}},"line":86},"8":{"name":"(anonymous_8)","decl":{"start":{"line":97,"column":19},"end":{"line":97,"column":20}},"loc":{"start":{"line":97,"column":30},"end":{"line":115,"column":7}},"line":97},"9":{"name":"(anonymous_9)","decl":{"start":{"line":108,"column":21},"end":{"line":108,"column":22}},"loc":{"start":{"line":108,"column":27},"end":{"line":111,"column":11}},"line":108},"10":{"name":"(anonymous_10)","decl":{"start":{"line":117,"column":19},"end":{"line":117,"column":20}},"loc":{"start":{"line":117,"column":30},"end":{"line":121,"column":7}},"line":117},"11":{"name":"(anonymous_11)","decl":{"start":{"line":126,"column":11},"end":{"line":126,"column":12}},"loc":{"start":{"line":126,"column":17},"end":{"line":131,"column":5}},"line":126},"12":{"name":"(anonymous_12)","decl":{"start":{"line":134,"column":22},"end":{"line":134,"column":23}},"loc":{"start":{"line":134,"column":28},"end":{"line":137,"column":3}},"line":134},"13":{"name":"(anonymous_13)","decl":{"start":{"line":139,"column":22},"end":{"line":139,"column":23}},"loc":{"start":{"line":139,"column":28},"end":{"line":145,"column":3}},"line":139},"14":{"name":"(anonymous_14)","decl":{"start":{"line":140,"column":16},"end":{"line":140,"column":17}},"loc":{"start":{"line":140,"column":24},"end":{"line":144,"column":5}},"line":140}},"branchMap":{"0":{"loc":{"start":{"line":4,"column":19},"end":{"line":4,"column":79}},"type":"binary-expr","locations":[{"start":{"line":4,"column":19},"end":{"line":4,"column":52}},{"start":{"line":4,"column":56},"end":{"line":4,"column":79}}],"line":4},"1":{"loc":{"start":{"line":7,"column":45},"end":{"line":7,"column":93}},"type":"cond-expr","locations":[{"start":{"line":7,"column":79},"end":{"line":7,"column":85}},{"start":{"line":7,"column":88},"end":{"line":7,"column":93}}],"line":7},"2":{"loc":{"start":{"line":35,"column":4},"end":{"line":42,"column":5}},"type":"if","locations":[{"start":{"line":35,"column":4},"end":{"line":42,"column":5}},{"start":{},"end":{}}],"line":35},"3":{"loc":{"start":{"line":36,"column":6},"end":{"line":39,"column":7}},"type":"if","locations":[{"start":{"line":36,"column":6},"end":{"line":39,"column":7}},{"start":{},"end":{}}],"line":36},"4":{"loc":{"start":{"line":61,"column":8},"end":{"line":64,"column":9}},"type":"if","locations":[{"start":{"line":61,"column":8},"end":{"line":64,"column":9}},{"start":{},"end":{}}],"line":61},"5":{"loc":{"start":{"line":71,"column":10},"end":{"line":77,"column":11}},"type":"if","locations":[{"start":{"line":71,"column":10},"end":{"line":77,"column":11}},{"start":{},"end":{}}],"line":71},"6":{"loc":{"start":{"line":71,"column":14},"end":{"line":71,"column":54}},"type":"binary-expr","locations":[{"start":{"line":71,"column":14},"end":{"line":71,"column":38}},{"start":{"line":71,"column":42},"end":{"line":71,"column":54}}],"line":71},"7":{"loc":{"start":{"line":74,"column":25},"end":{"line":74,"column":69}},"type":"cond-expr","locations":[{"start":{"line":74,"column":57},"end":{"line":74,"column":62}},{"start":{"line":74,"column":65},"end":{"line":74,"column":69}}],"line":74},"8":{"loc":{"start":{"line":75,"column":26},"end":{"line":75,"column":106}},"type":"cond-expr","locations":[{"start":{"line":75,"column":58},"end":{"line":75,"column":97}},{"start":{"line":75,"column":100},"end":{"line":75,"column":106}}],"line":75},"9":{"loc":{"start":{"line":79,"column":10},"end":{"line":91,"column":11}},"type":"if","locations":[{"start":{"line":79,"column":10},"end":{"line":91,"column":11}},{"start":{"line":87,"column":17},"end":{"line":91,"column":11}}],"line":79},"10":{"loc":{"start":{"line":87,"column":17},"end":{"line":91,"column":11}},"type":"if","locations":[{"start":{"line":87,"column":17},"end":{"line":91,"column":11}},{"start":{"line":89,"column":17},"end":{"line":91,"column":11}}],"line":87},"11":{"loc":{"start":{"line":104,"column":8},"end":{"line":114,"column":9}},"type":"if","locations":[{"start":{"line":104,"column":8},"end":{"line":114,"column":9}},{"start":{"line":112,"column":15},"end":{"line":114,"column":9}}],"line":104},"12":{"loc":{"start":{"line":104,"column":12},"end":{"line":104,"column":83}},"type":"binary-expr","locations":[{"start":{"line":104,"column":12},"end":{"line":104,"column":31}},{"start":{"line":104,"column":35},"end":{"line":104,"column":83}}],"line":104},"13":{"loc":{"start":{"line":127,"column":6},"end":{"line":130,"column":7}},"type":"if","locations":[{"start":{"line":127,"column":6},"end":{"line":130,"column":7}},{"start":{},"end":{}}],"line":127},"14":{"loc":{"start":{"line":142,"column":32},"end":{"line":142,"column":68}},"type":"cond-expr","locations":[{"start":{"line":142,"column":48},"end":{"line":142,"column":56}},{"start":{"line":142,"column":59},"end":{"line":142,"column":68}}],"line":142}},"s":{"0":2,"1":2,"2":2,"3":2,"4":2,"5":44,"6":44,"7":44,"8":44,"9":44,"10":44,"11":44,"12":44,"13":44,"14":16,"15":44,"16":15,"17":7,"18":0,"19":0,"20":7,"21":7,"22":8,"23":8,"24":8,"25":8,"26":8,"27":8,"28":8,"29":8,"30":8,"31":8,"32":8,"33":2,"34":2,"35":1,"36":1,"37":1,"38":1,"39":1,"40":1,"41":1,"42":1,"43":1,"44":1,"45":1,"46":1,"47":1,"48":1,"49":0,"50":0,"51":0,"52":0,"53":8,"54":6,"55":6,"56":6,"57":6,"58":6,"59":0,"60":0,"61":0,"62":0,"63":0,"64":0,"65":6,"66":8,"67":0,"68":0,"69":0,"70":8,"71":8,"72":8,"73":6,"74":6,"75":44,"76":2,"77":2,"78":44,"79":3,"80":3,"81":3,"82":3,"83":44},"f":{"0":44,"1":16,"2":15,"3":8,"4":8,"5":2,"6":1,"7":1,"8":6,"9":0,"10":0,"11":8,"12":2,"13":3,"14":3},"b":{"0":[2,0],"1":[0,2],"2":[7,8],"3":[0,7],"4":[1,1],"5":[1,0],"6":[1,1],"7":[0,1],"8":[0,1],"9":[1,0],"10":[0,0],"11":[0,6],"12":[6,0],"13":[6,2],"14":[2,1]},"_coverageSchema":"1a1c01bbd47fc00a2c39e90264f33305004495a9","hash":"c1335e37faeebffcb3541a68588ab5e86a8ff54c"}
}
