TN:
SF:src/App.js
FN:11,App
FN:28,(anonymous_1)
FN:58,(anonymous_2)
FN:90,(anonymous_3)
FN:133,(anonymous_4)
FN:137,(anonymous_5)
FN:147,(anonymous_6)
FN:156,(anonymous_7)
FN:170,(anonymous_8)
FNF:9
FNH:9
FNDA:29,App
FNDA:1,(anonymous_1)
FNDA:1,(anonymous_2)
FNDA:6,(anonymous_3)
FNDA:6,(anonymous_4)
FNDA:13,(anonymous_5)
FNDA:12,(anonymous_6)
FNDA:18,(anonymous_7)
FNDA:2,(anonymous_8)
DA:9,2
DA:12,29
DA:13,29
DA:26,29
DA:28,29
DA:29,1
DA:30,1
DA:33,1
DA:44,1
DA:45,1
DA:46,1
DA:47,1
DA:49,0
DA:53,0
DA:54,0
DA:58,29
DA:59,1
DA:60,1
DA:63,1
DA:64,1
DA:65,1
DA:68,1
DA:73,1
DA:79,1
DA:80,1
DA:82,1
DA:85,0
DA:86,0
DA:90,29
DA:91,6
DA:92,6
DA:96,6
DA:97,6
DA:105,2
DA:106,2
DA:115,6
DA:116,4
DA:118,0
DA:119,0
DA:120,0
DA:123,0
DA:124,0
DA:125,0
DA:127,6
DA:128,6
DA:129,6
DA:133,29
DA:134,6
DA:136,6
DA:137,13
DA:140,6
DA:141,0
DA:144,6
DA:147,12
DA:149,6
DA:150,0
DA:151,0
DA:155,6
DA:156,6
DA:157,18
DA:158,10
DA:162,6
DA:163,0
DA:165,6
DA:166,6
DA:170,29
DA:171,2
DA:172,2
DA:177,2
DA:180,29
LF:70
LH:55
BRDA:9,0,0,2
BRDA:9,0,1,0
BRDA:44,1,0,1
BRDA:44,1,1,0
BRDA:118,2,0,0
BRDA:118,2,1,0
BRDA:140,3,0,0
BRDA:140,3,1,6
BRDA:140,4,0,6
BRDA:140,4,1,0
BRDA:149,5,0,0
BRDA:149,5,1,6
BRDA:157,6,0,10
BRDA:157,6,1,8
BRF:14
BRH:7
end_of_record
TN:
SF:src/ConnectionStatus.js
FN:3,(anonymous_0)
FN:4,(anonymous_1)
FN:20,(anonymous_2)
FNF:3
FNH:3
FNDA:25,(anonymous_0)
FNDA:25,(anonymous_1)
FNDA:25,(anonymous_2)
DA:3,2
DA:4,25
DA:5,25
DA:7,2
DA:10,0
DA:12,23
DA:14,0
DA:16,0
DA:20,25
DA:21,25
DA:23,2
DA:25,0
DA:27,0
DA:29,23
DA:31,0
DA:33,0
DA:37,25
LF:17
LH:10
BRDA:5,0,0,2
BRDA:5,0,1,0
BRDA:5,0,2,0
BRDA:5,0,3,23
BRDA:5,0,4,0
BRDA:5,0,5,0
BRDA:21,1,0,2
BRDA:21,1,1,0
BRDA:21,1,2,0
BRDA:21,1,3,23
BRDA:21,1,4,0
BRDA:21,1,5,0
BRDA:46,2,0,25
BRDA:46,2,1,1
BRDA:52,3,0,25
BRDA:52,3,1,25
BRDA:61,4,0,25
BRDA:61,4,1,25
BRF:18
BRH:10
end_of_record
TN:
SF:src/EventItem.js
FN:5,(anonymous_0)
FN:8,(anonymous_1)
FN:18,(anonymous_2)
FN:26,(anonymous_3)
FN:44,(anonymous_4)
FN:131,(anonymous_5)
FNF:6
FNH:6
FNDA:14,(anonymous_0)
FNDA:13,(anonymous_1)
FNDA:12,(anonymous_2)
FNDA:14,(anonymous_3)
FNDA:1,(anonymous_4)
FNDA:2,(anonymous_5)
DA:5,3
DA:6,14
DA:8,14
DA:9,13
DA:18,14
DA:19,12
DA:20,1
DA:21,1
DA:22,0
DA:23,0
DA:26,14
DA:27,14
DA:28,14
DA:30,12
DA:32,12
DA:44,14
DA:45,1
DA:47,1
DA:49,1
DA:66,0
DA:68,0
DA:83,0
DA:96,0
DA:97,0
DA:108,0
DA:111,14
DA:112,14
DA:114,12
DA:115,12
DA:118,12
DA:119,12
DA:120,10
DA:121,2
DA:122,1
DA:123,1
DA:124,1
DA:126,0
DA:129,12
DA:131,2
LF:39
LH:30
BRDA:19,0,0,11
BRDA:19,0,1,1
BRDA:20,1,0,0
BRDA:20,1,1,1
BRDA:21,2,0,1
BRDA:21,2,1,0
BRDA:22,3,0,0
BRDA:22,3,1,0
BRDA:27,4,0,14
BRDA:27,4,1,2
BRDA:28,5,0,2
BRDA:28,5,1,12
BRDA:34,6,0,12
BRDA:34,6,1,0
BRDA:34,6,2,0
BRDA:40,7,0,12
BRDA:40,7,1,0
BRDA:45,8,0,1
BRDA:45,8,1,0
BRDA:47,9,0,1
BRDA:47,9,1,0
BRDA:52,10,0,1
BRDA:52,10,1,1
BRDA:57,11,0,1
BRDA:57,11,1,1
BRDA:66,12,0,0
BRDA:66,12,1,0
BRDA:73,13,0,0
BRDA:73,13,1,0
BRDA:96,14,0,0
BRDA:96,14,1,0
BRDA:96,15,0,0
BRDA:96,15,1,0
BRDA:100,16,0,0
BRDA:100,16,1,0
BRDA:101,17,0,0
BRDA:101,17,1,0
BRDA:112,18,0,2
BRDA:112,18,1,12
BRDA:119,19,0,10
BRDA:119,19,1,2
BRDA:120,20,0,1
BRDA:120,20,1,9
BRDA:121,21,0,1
BRDA:121,21,1,1
BRDA:123,22,0,1
BRDA:123,22,1,0
BRDA:154,23,0,1
BRDA:154,23,1,11
BRDA:160,24,0,12
BRDA:160,24,1,1
BRDA:171,25,0,1
BRDA:171,25,1,1
BRDA:180,26,0,1
BRDA:180,26,1,0
BRDA:187,27,0,1
BRDA:187,27,1,0
BRF:57
BRH:33
end_of_record
TN:
SF:src/EventStream.js
FN:4,(anonymous_0)
FN:81,(anonymous_1)
FNF:2
FNH:2
FNDA:25,(anonymous_0)
FNDA:1,(anonymous_1)
DA:4,2
DA:12,25
DA:13,25
DA:15,25
DA:82,1
LF:5
LH:5
BRDA:29,0,0,0
BRDA:29,0,1,25
BRDA:31,1,0,0
BRDA:31,1,1,25
BRDA:33,2,0,0
BRDA:33,2,1,25
BRDA:37,3,0,25
BRDA:37,3,1,0
BRDA:43,4,0,25
BRDA:43,4,1,0
BRDA:43,4,2,0
BRDA:51,5,0,24
BRDA:51,5,1,1
BRDA:55,6,0,23
BRDA:55,6,1,1
BRDA:60,7,0,24
BRDA:60,7,1,0
BRDA:60,7,2,0
BRDA:63,8,0,24
BRDA:63,8,1,1
BRDA:63,8,2,1
BRF:21
BRH:13
end_of_record
TN:
SF:src/FilterForm.js
FN:3,(anonymous_0)
FN:8,(anonymous_1)
FN:14,(anonymous_2)
FN:23,(anonymous_3)
FN:41,(anonymous_4)
FN:53,(anonymous_5)
FN:65,(anonymous_6)
FNF:7
FNH:7
FNDA:152,(anonymous_0)
FNDA:32,(anonymous_1)
FNDA:8,(anonymous_2)
FNDA:3,(anonymous_3)
FNDA:29,(anonymous_4)
FNDA:21,(anonymous_5)
FNDA:56,(anonymous_6)
DA:3,3
DA:4,152
DA:5,152
DA:6,152
DA:8,152
DA:9,32
DA:10,32
DA:11,32
DA:14,152
DA:15,8
DA:16,8
DA:23,152
DA:24,3
DA:25,3
DA:26,3
DA:27,3
DA:30,152
DA:41,29
DA:53,21
DA:65,56
LF:20
LH:20
BRDA:4,0,0,152
BRDA:4,0,1,148
BRDA:5,1,0,152
BRDA:5,1,1,132
BRDA:6,2,0,152
BRDA:6,2,1,136
BRDA:9,3,0,32
BRDA:9,3,1,30
BRDA:10,4,0,32
BRDA:10,4,1,24
BRDA:11,5,0,32
BRDA:11,5,1,26
BRF:12
BRH:12
end_of_record
TN:
SF:src/atproto-utils.js
FN:3,(anonymous_0)
FN:21,(anonymous_1)
FN:32,(anonymous_2)
FNF:3
FNH:0
FNDA:0,(anonymous_0)
FNDA:0,(anonymous_1)
FNDA:0,(anonymous_2)
DA:3,3
DA:4,0
DA:6,0
DA:8,0
DA:9,0
DA:10,0
DA:13,0
DA:14,0
DA:16,0
DA:17,0
DA:21,3
DA:23,0
DA:24,0
DA:26,0
DA:32,3
DA:34,0
LF:16
LH:3
BRDA:9,0,0,0
BRDA:9,0,1,0
BRDA:24,1,0,0
BRDA:24,1,1,0
BRDA:34,2,0,0
BRDA:34,2,1,0
BRDA:34,2,2,0
BRDA:34,2,3,0
BRDA:34,2,4,0
BRF:9
BRH:0
end_of_record
TN:
SF:src/index.js
FNF:0
FNH:0
DA:6,0
DA:7,0
LF:2
LH:0
BRF:0
BRH:0
end_of_record
TN:
SF:src/useRecordContent.js
FN:3,(anonymous_0)
FN:8,(anonymous_1)
FNF:2
FNH:2
FNDA:8,(anonymous_0)
FNDA:5,(anonymous_1)
DA:3,3
DA:4,8
DA:5,8
DA:6,8
DA:8,8
DA:10,5
DA:11,5
DA:12,5
DA:15,5
DA:17,4
DA:20,4
DA:21,3
DA:25,8
LF:13
LH:13
BRDA:15,0,0,1
BRDA:15,0,1,4
BRDA:20,1,0,3
BRDA:20,1,1,1
BRF:4
BRH:4
end_of_record
TN:
SF:src/useWebSocket.js
FN:17,(anonymous_0)
FN:30,(anonymous_1)
FN:34,(anonymous_2)
FN:46,(anonymous_3)
FN:51,(anonymous_4)
FN:58,(anonymous_5)
FN:81,(anonymous_6)
FN:86,(anonymous_7)
FN:97,(anonymous_8)
FN:108,(anonymous_9)
FN:117,(anonymous_10)
FN:126,(anonymous_11)
FN:134,(anonymous_12)
FN:139,(anonymous_13)
FN:140,(anonymous_14)
FNF:15
FNH:13
FNDA:44,(anonymous_0)
FNDA:16,(anonymous_1)
FNDA:15,(anonymous_2)
FNDA:8,(anonymous_3)
FNDA:8,(anonymous_4)
FNDA:2,(anonymous_5)
FNDA:1,(anonymous_6)
FNDA:1,(anonymous_7)
FNDA:6,(anonymous_8)
FNDA:0,(anonymous_9)
FNDA:0,(anonymous_10)
FNDA:8,(anonymous_11)
FNDA:2,(anonymous_12)
FNDA:3,(anonymous_13)
FNDA:3,(anonymous_14)
DA:4,2
DA:7,2
DA:10,2
DA:15,2
DA:17,2
DA:18,44
DA:19,44
DA:20,44
DA:21,44
DA:22,44
DA:23,44
DA:24,44
DA:27,44
DA:30,44
DA:31,16
DA:34,44
DA:35,15
DA:36,7
DA:37,0
DA:38,0
DA:40,7
DA:41,7
DA:44,8
DA:46,8
DA:47,8
DA:48,8
DA:49,8
DA:51,8
DA:52,8
DA:53,8
DA:54,8
DA:55,8
DA:58,8
DA:59,2
DA:61,2
DA:62,1
DA:63,1
DA:66,1
DA:67,1
DA:68,1
DA:71,1
DA:72,1
DA:79,1
DA:80,1
DA:81,1
DA:82,1
DA:84,1
DA:86,1
DA:87,0
DA:88,0
DA:90,0
DA:93,0
DA:97,8
DA:98,6
DA:99,6
DA:100,6
DA:101,6
DA:104,6
DA:105,0
DA:106,0
DA:107,0
DA:108,0
DA:109,0
DA:110,0
DA:113,6
DA:117,8
DA:118,0
DA:119,0
DA:120,0
DA:124,8
DA:126,8
DA:127,8
DA:128,6
DA:129,6
DA:134,44
DA:135,2
DA:136,2
DA:139,44
DA:140,3
DA:141,3
DA:142,3
DA:143,3
DA:147,44
LF:83
LH:68
BRDA:4,0,0,2
BRDA:4,0,1,0
BRDA:7,1,0,0
BRDA:7,1,1,2
BRDA:35,2,0,7
BRDA:35,2,1,8
BRDA:36,3,0,0
BRDA:36,3,1,7
BRDA:61,4,0,1
BRDA:61,4,1,1
BRDA:71,5,0,1
BRDA:71,5,1,0
BRDA:71,6,0,1
BRDA:71,6,1,1
BRDA:74,7,0,0
BRDA:74,7,1,1
BRDA:75,8,0,0
BRDA:75,8,1,1
BRDA:79,9,0,1
BRDA:79,9,1,0
BRDA:87,10,0,0
BRDA:87,10,1,0
BRDA:104,11,0,0
BRDA:104,11,1,6
BRDA:104,12,0,6
BRDA:104,12,1,0
BRDA:127,13,0,6
BRDA:127,13,1,2
BRDA:142,14,0,2
BRDA:142,14,1,1
BRF:30
BRH:19
end_of_record
